./Demux_Output_Files/AACAGCGA_R1.fq in process
./Demux_Output_Files/AACAGCGA_R2.fq in process
./Demux_Output_Files/ACGATCAG_R1.fq in process
./Demux_Output_Files/ACGATCAG_R2.fq in process
./Demux_Output_Files/AGAGTCCA_R1.fq in process
./Demux_Output_Files/AGAGTCCA_R2.fq in process
./Demux_Output_Files/AGGATAGC_R1.fq in process
./Demux_Output_Files/AGGATAGC_R2.fq in process
./Demux_Output_Files/ATCATGCG_R1.fq in process
./Demux_Output_Files/ATCATGCG_R2.fq in process
./Demux_Output_Files/ATCGTGGT_R1.fq in process
./Demux_Output_Files/ATCGTGGT_R2.fq in process
./Demux_Output_Files/CACTTCAC_R1.fq in process
./Demux_Output_Files/CACTTCAC_R2.fq in process
./Demux_Output_Files/CGATCGAT_R1.fq in process
./Demux_Output_Files/CGATCGAT_R2.fq in process
./Demux_Output_Files/CGGTAATC_R1.fq in process
./Demux_Output_Files/CGGTAATC_R2.fq in process
./Demux_Output_Files/CTAGCTCA_R1.fq in process
./Demux_Output_Files/CTAGCTCA_R2.fq in process
./Demux_Output_Files/CTCTGGAT_R1.fq in process
./Demux_Output_Files/CTCTGGAT_R2.fq in process
./Demux_Output_Files/GATCAAGG_R1.fq in process
./Demux_Output_Files/GATCAAGG_R2.fq in process
./Demux_Output_Files/GATCTTGC_R1.fq in process
./Demux_Output_Files/GATCTTGC_R2.fq in process
./Demux_Output_Files/GCTACTCT_R1.fq in process
./Demux_Output_Files/GCTACTCT_R2.fq in process
./Demux_Output_Files/GTAGCGTA_R1.fq in process
./Demux_Output_Files/GTAGCGTA_R2.fq in process
./Demux_Output_Files/GTCCTAAG_R1.fq in process
./Demux_Output_Files/GTCCTAAG_R2.fq in process
./Demux_Output_Files/IH_R1.fq in process
./Demux_Output_Files/IH_R2.fq in process
./Demux_Output_Files/TACCGGAT_R1.fq in process
./Demux_Output_Files/TACCGGAT_R2.fq in process
./Demux_Output_Files/TAGCCATG_R1.fq in process
./Demux_Output_Files/TAGCCATG_R2.fq in process
./Demux_Output_Files/TATGGCAC_R1.fq in process
./Demux_Output_Files/TATGGCAC_R2.fq in process
./Demux_Output_Files/TCGACAAG_R1.fq in process
./Demux_Output_Files/TCGACAAG_R2.fq in process
./Demux_Output_Files/TCGAGAGT_R1.fq in process
./Demux_Output_Files/TCGAGAGT_R2.fq in process
./Demux_Output_Files/TCGGATTC_R1.fq in process
./Demux_Output_Files/TCGGATTC_R2.fq in process
./Demux_Output_Files/TCTTCGAC_R1.fq in process
./Demux_Output_Files/TCTTCGAC_R2.fq in process
./Demux_Output_Files/TGTTCCGT_R1.fq in process
./Demux_Output_Files/TGTTCCGT_R2.fq in process
./Demux_Output_Files/U_R1.fq in process
./Demux_Output_Files/U_R2.fq in process
