Mean calc base number: 0
Mean calc base number: 1
Mean calc base number: 2
Mean calc base number: 3
Mean calc base number: 4
Mean calc base number: 5
Mean calc base number: 6
Mean calc base number: 7
[30.95248406 30.49904409 34.04482996 35.16884183 35.30817093 38.49276815
 37.44714984 37.89521262]
	Command being timed: "./QScore_Dist.py -f /projects/bgmp/shared/2017_sequencing/1294_S1_L008_R3_001.fastq.gz -l 8 -o QScore_index2.png"
	User time (seconds): 1835.79
	System time (seconds): 0.43
	Percent of CPU this job got: 99%
	Elapsed (wall clock) time (h:mm:ss or m:ss): 30:36.55
	Average shared text size (kbytes): 0
	Average unshared data size (kbytes): 0
	Average stack size (kbytes): 0
	Average total size (kbytes): 0
	Maximum resident set size (kbytes): 71552
	Average resident set size (kbytes): 0
	Major (requiring I/O) page faults: 0
	Minor (reclaiming a frame) page faults: 41692
	Voluntary context switches: 194
	Involuntary context switches: 3762
	Swaps: 0
	File system inputs: 0
	File system outputs: 0
	Socket messages sent: 0
	Socket messages received: 0
	Signals delivered: 0
	Page size (bytes): 4096
	Exit status: 0
