Total Dual-Matched (DM) count: 239750646
Total Index Hopped (IH) count: 352378
Total Unknown (U) count: 123143711
Total records: 363246735
Percent DM: 66.00214754855264
Percent IH: 0.09700789189474751
Percent U: 33.90084455955261

Index Pair Results: DM
CTCTGGAT-CTCTGGAT	25933763/363246735	7.139434577436739
TACCGGAT-TACCGGAT	51581889/363246735	14.200234724752583
AGAGTCCA-AGAGTCCA	8234276/363246735	2.2668547867333206
ATCATGCG-ATCATGCG	7448228/363246735	2.0504597240220206
AACAGCGA-AACAGCGA	6606498/363246735	1.8187356866401014
TCGACAAG-TCGACAAG	2786134/363246735	0.7670086835054416
GTAGCGTA-GTAGCGTA	6033486/363246735	1.66098836373574
TAGCCATG-TAGCCATG	7951357/363246735	2.188968608348262
TCTTCGAC-TCTTCGAC	31203016/363246735	8.590033438290918
CTAGCTCA-CTAGCTCA	13661286/363246735	3.760883356597823
ACGATCAG-ACGATCAG	6234505/363246735	1.7163278838555835
GATCTTGC-GATCTTGC	2861868/363246735	0.7878578729689063
AGGATAGC-AGGATAGC	6571536/363246735	1.8091108238041012
CGATCGAT-CGATCGAT	4398491/363246735	1.2108824598244496
GTCCTAAG-GTCCTAAG	6658709/363246735	1.8331091124604328
GATCAAGG-GATCAAGG	4900440/363246735	1.3490664960828898
TGTTCCGT-TGTTCCGT	12247310/363246735	3.3716228722606414
TCGGATTC-TCGGATTC	3149983/363246735	0.8671744840321827
TCGAGAGT-TCGAGAGT	7791551/363246735	2.1449748199388496
CGGTAATC-CGGTAATC	3097661/363246735	0.8527705004698803
TATGGCAC-TATGGCAC	7880872/363246735	2.169564442196569
CACTTCAC-CACTTCAC	2765861/363246735	0.761427628523626
GCTACTCT-GCTACTCT	4720342/363246735	1.29948642208718
ATCGTGGT-ATCGTGGT	5031584/363246735	1.3851697799843954

Index Pair Results: IH
TATGGCAC-TGTTCCGT	63153/363246735	0.017385703411759504
CTAGCTCA-CGGTAATC	163/363246735	4.487308055225879e-05
CTCTGGAT-AGGATAGC	490/363246735	0.00013489453662948958
TGTTCCGT-TATGGCAC	61181/363246735	0.016842821725568984
TACCGGAT-TCGAGAGT	1632/363246735	0.0004492813954680143
GATCAAGG-TCTTCGAC	9552/363246735	0.0026296175793569074
TCTTCGAC-TCGGATTC	651/363246735	0.00017921702723632188
TACCGGAT-AGGATAGC	1063/363246735	0.00029263855599417844
GATCAAGG-GCTACTCT	76/363246735	2.0922417926206548e-05
CACTTCAC-TCTTCGAC	410/363246735	0.00011287093881243007
CTCTGGAT-TACCGGAT	5821/363246735	0.0016024920361637936
CACTTCAC-ACGATCAG	182/363246735	5.010368503381042e-05
TATGGCAC-AACAGCGA	335/363246735	9.222381585893677e-05
CTAGCTCA-CTCTGGAT	2004/363246735	0.0005516911253173411
CGATCGAT-TGTTCCGT	245/363246735	6.744726831474479e-05
TGTTCCGT-TACCGGAT	2021/363246735	0.0005563711398534662
CTAGCTCA-TCGACAAG	9926/363246735	0.0027325778991516606
TACCGGAT-CTCTGGAT	5796/363246735	0.0015956096618459626
TATGGCAC-TCTTCGAC	1885/363246735	0.0005189310235644651
CGGTAATC-TACCGGAT	3861/363246735	0.0010629138896458353
GATCAAGG-ACGATCAG	220/363246735	6.0564893996913694e-05
GTCCTAAG-TATGGCAC	4869/363246735	0.0013404112221407853
GTCCTAAG-CTAGCTCA	202/363246735	5.5609584488075305e-05
GCTACTCT-TACCGGAT	712/363246735	0.0001960100205718298
TGTTCCGT-TAGCCATG	257/363246735	7.075080798730373e-05
AGAGTCCA-CGATCGAT	120/363246735	3.303539672558929e-05
AGGATAGC-CTCTGGAT	310/363246735	8.534144154110566e-05
GATCAAGG-GTCCTAAG	158/363246735	4.3496605688692565e-05
ATCATGCG-TCTTCGAC	736/363246735	0.00020261709991694762
AGGATAGC-TACCGGAT	645/363246735	0.00017756525740004244
GTCCTAAG-TACCGGAT	898/363246735	0.0002472148854964932
TCTTCGAC-ATCGTGGT	3083/363246735	0.0008487344008749314
AGGATAGC-GTAGCGTA	495/363246735	0.0001362710114930558
AGGATAGC-GCTACTCT	171/363246735	4.707544033396473e-05
CTCTGGAT-GCTACTCT	1471/363246735	0.00040495890486118204
CACTTCAC-TAGCCATG	2198/363246735	0.0006050983500237105
TAGCCATG-CTCTGGAT	428/363246735	0.00011782624832126846
CTAGCTCA-GCTACTCT	1010/363246735	0.00027804792244037654
GCTACTCT-GTAGCGTA	377/363246735	0.00010378620471289301
AGGATAGC-TAGCCATG	116/363246735	3.193421683473631e-05
TCGACAAG-ATCATGCG	5896/363246735	0.001623139159117287
TCTTCGAC-CTCTGGAT	2747/363246735	0.0007562352900432815
ATCATGCG-TACCGGAT	932/363246735	0.00025657491456874346
CGGTAATC-ATCGTGGT	166/363246735	4.5698965470398516e-05
TACCGGAT-TCTTCGAC	5626/363246735	0.001548809516484711
TACCGGAT-CTAGCTCA	1975/363246735	0.000543707571108657
TAGCCATG-TACCGGAT	1002/363246735	0.00027584556265867056
AGGATAGC-ATCATGCG	213/363246735	5.8637829187920984e-05
AACAGCGA-CACTTCAC	62/363246735	1.706828830822113e-05
CGGTAATC-TCTTCGAC	435/363246735	0.00011975331313026116
GATCAAGG-TACCGGAT	567/363246735	0.0001560922495284094
ATCGTGGT-CTCTGGAT	534/363246735	0.00014700751542887232
TACCGGAT-CGGTAATC	1622/363246735	0.0004465284457408819
TACCGGAT-ACGATCAG	1041/363246735	0.0002865820665944871
CTAGCTCA-GTAGCGTA	608/363246735	0.00016737934340965238
CTCTGGAT-ATCGTGGT	445/363246735	0.0001225062628573936
TACCGGAT-AACAGCGA	878/363246735	0.0002417089860422283
TCGAGAGT-AGAGTCCA	173/363246735	4.762603027939122e-05
CTCTGGAT-TAGCCATG	563/363246735	0.0001549910696375564
TGTTCCGT-TCTTCGAC	1260/363246735	0.0003468716656186875
TCTTCGAC-GTCCTAAG	573/363246735	0.00015774401936468886
AGAGTCCA-TCGAGAGT	527/363246735	0.00014508045061987964
TGTTCCGT-AGAGTCCA	383/363246735	0.00010543797454917248
ACGATCAG-CTAGCTCA	225/363246735	6.194136886047992e-05
CTAGCTCA-TACCGGAT	1846/363246735	0.0005081945196286486
TCTTCGAC-TCGAGAGT	1170/363246735	0.0003220951180744956
TCTTCGAC-GATCAAGG	1079/363246735	0.00029704327555759034
GATCAAGG-CTCTGGAT	270/363246735	7.43296426325759e-05
TACCGGAT-CACTTCAC	590/363246735	0.000162424033900814
ATCGTGGT-AGGATAGC	128/363246735	3.523775650729524e-05
TCGAGAGT-CTAGCTCA	330/363246735	9.084734099537055e-05
GCTACTCT-TGTTCCGT	256/363246735	7.047551301459048e-05
CTAGCTCA-TCTTCGAC	1014/363246735	0.00027914910233122945
CTCTGGAT-TCGGATTC	391/363246735	0.00010764033433087843
TACCGGAT-TAGCCATG	1826/363246735	0.0005026886201743837
GTAGCGTA-TCGAGAGT	391/363246735	0.00010764033433087843
CGGTAATC-TAGCCATG	146/363246735	4.019306601613363e-05
AGAGTCCA-TATGGCAC	192/363246735	5.2856634760942854e-05
AACAGCGA-TACCGGAT	1011/363246735	0.0002783232174130897
TAGCCATG-TCGACAAG	98/363246735	2.6978907325897918e-05
TCTTCGAC-TACCGGAT	4550/363246735	0.0012525921258452605
CTCTGGAT-TCGAGAGT	1134/363246735	0.0003121844990568188
AGAGTCCA-TACCGGAT	949/363246735	0.00026125492910486866
GATCTTGC-AACAGCGA	82/363246735	2.2574187762486014e-05
TACCGGAT-GATCAAGG	826/363246735	0.0002273936474611396
TCGAGAGT-TACCGGAT	1410/363246735	0.0003881659115256741
TATGGCAC-GTCCTAAG	395/363246735	0.00010874151422173142
ACGATCAG-TATGGCAC	176/363246735	4.8451915197530953e-05
AGGATAGC-GATCTTGC	259/363246735	7.130139793273021e-05
CTAGCTCA-TATGGCAC	345/363246735	9.497676558606921e-05
TCGAGAGT-TAGCCATG	156/363246735	4.294601574326608e-05
CTCTGGAT-GTCCTAAG	553/363246735	0.00015223811991042397
ATCATGCG-TAGCCATG	384/363246735	0.00010571326952188571
TATGGCAC-CTCTGGAT	720/363246735	0.00019821238035353571
ATCATGCG-TGTTCCGT	298/363246735	8.203790186854674e-05
GTAGCGTA-TACCGGAT	791/363246735	0.00021775832341617605
TACCGGAT-AGAGTCCA	1123/363246735	0.0003091562543569731
TCGAGAGT-TGTTCCGT	394/363246735	0.00010846621924901817
TGTTCCGT-CGATCGAT	259/363246735	7.130139793273021e-05
TATGGCAC-TACCGGAT	2105/363246735	0.0005794959175613787
TACCGGAT-TGTTCCGT	2339/363246735	0.000643914941176278
TCGGATTC-TCGACAAG	25/363246735	6.882374317831101e-06
CTCTGGAT-TATGGCAC	760/363246735	0.0002092241792620655
CACTTCAC-AGAGTCCA	71/363246735	1.954594306264033e-05
AGGATAGC-ACGATCAG	228/363246735	6.276725377861965e-05
TATGGCAC-TAGCCATG	234/363246735	6.441902361489912e-05
TCGACAAG-TCGGATTC	45/363246735	1.2388273772095982e-05
AGAGTCCA-CTAGCTCA	456/363246735	0.0001255345075572393
TATGGCAC-AGAGTCCA	186/363246735	5.12048649246634e-05
ATCGTGGT-CACTTCAC	29/363246735	7.983554208684078e-06
TCGGATTC-GATCAAGG	48/363246735	1.3214158690235714e-05
CTCTGGAT-TCTTCGAC	2776/363246735	0.0007642188442519656
TGTTCCGT-CTCTGGAT	871/363246735	0.00023978192123323558
TACCGGAT-GTAGCGTA	857/363246735	0.0002359277916152502
CGATCGAT-CTCTGGAT	567/363246735	0.0001560922495284094
CTCTGGAT-CTAGCTCA	1381/363246735	0.00038018235731699003
TCGACAAG-TCGAGAGT	142/363246735	3.909188612528066e-05
ATCATGCG-AGAGTCCA	233/363246735	6.414372864218587e-05
TCGAGAGT-AACAGCGA	137/363246735	3.771541126171444e-05
CGATCGAT-ATCATGCG	93/363246735	2.56024324623317e-05
AGGATAGC-AACAGCGA	140/363246735	3.854129617985417e-05
GCTACTCT-CTCTGGAT	514/363246735	0.00014150161597460746
TCGGATTC-AACAGCGA	584/363246735	0.00016077226406453453
TCTTCGAC-CGATCGAT	573/363246735	0.00015774401936468886
CACTTCAC-CTAGCTCA	135/363246735	3.716482131628795e-05
TCGGATTC-TACCGGAT	404/363246735	0.00011121916897615061
GTAGCGTA-TAGCCATG	111/363246735	3.055774197117009e-05
CTAGCTCA-ATCATGCG	1103/363246735	0.0003036503549027082
TCTTCGAC-AGAGTCCA	623/363246735	0.00017150876800035107
AACAGCGA-CGGTAATC	68/363246735	1.8720058144500598e-05
CTCTGGAT-TGTTCCGT	1116/363246735	0.00030722918954798035
GTAGCGTA-CGATCGAT	89/363246735	2.4501252571478724e-05
AACAGCGA-TCGAGAGT	168/363246735	4.6249555415825e-05
AGGATAGC-TGTTCCGT	195/363246735	5.3682519679082596e-05
TCGAGAGT-ATCGTGGT	198/363246735	5.450840459722233e-05
TACCGGAT-ATCATGCG	982/363246735	0.00027033966320440565
GTAGCGTA-GATCTTGC	66/363246735	1.8169468199074107e-05
GATCTTGC-CTAGCTCA	99/363246735	2.7254202298611165e-05
AGAGTCCA-CTCTGGAT	409/363246735	0.00011259564383971683
CACTTCAC-GCTACTCT	38/363246735	1.0461208963103274e-05
ATCGTGGT-TCTTCGAC	662/363246735	0.00018224527193616758
TAGCCATG-TGTTCCGT	225/363246735	6.194136886047992e-05
TCTTCGAC-GATCTTGC	499/363246735	0.00013737219138390877
AGAGTCCA-ATCGTGGT	137/363246735	3.771541126171444e-05
TCTTCGAC-GCTACTCT	525/363246735	0.00014452986067445313
TAGCCATG-CGGTAATC	59/363246735	1.62424033900814e-05
TGTTCCGT-GCTACTCT	188/363246735	5.175545487008988e-05
TCGGATTC-GCTACTCT	40/363246735	1.1011798908529763e-05
CGGTAATC-GTCCTAAG	46/363246735	1.2663568744809226e-05
ATCATGCG-ACGATCAG	370/363246735	0.0001018591399039003
CACTTCAC-TACCGGAT	435/363246735	0.00011975331313026116
TGTTCCGT-CACTTCAC	118/363246735	3.24848067801628e-05
TCTTCGAC-TGTTCCGT	1413/363246735	0.0003889917964438139
ACGATCAG-AACAGCGA	116/363246735	3.193421683473631e-05
TATGGCAC-GCTACTCT	119/363246735	3.276010175287605e-05
AGAGTCCA-AACAGCGA	216/363246735	5.946371410606072e-05
TCTTCGAC-CGGTAATC	525/363246735	0.00014452986067445313
GATCAAGG-TGTTCCGT	138/363246735	3.799070623442768e-05
CGATCGAT-TCTTCGAC	537/363246735	0.00014783340034701207
AACAGCGA-TCTTCGAC	998/363246735	0.00027474438276781755
ACGATCAG-ATCATGCG	220/363246735	6.0564893996913694e-05
GATCAAGG-TAGCCATG	135/363246735	3.716482131628795e-05
CGATCGAT-TACCGGAT	972/363246735	0.00026758671347727324
TCGAGAGT-AGGATAGC	225/363246735	6.194136886047992e-05
TAGCCATG-ACGATCAG	177/363246735	4.87272101702442e-05
ACGATCAG-GTCCTAAG	209/363246735	5.753664929706801e-05
ATCATGCG-CTAGCTCA	294/363246735	8.093672197769376e-05
TACCGGAT-ATCGTGGT	973/363246735	0.0002678620084499865
AGAGTCCA-GTAGCGTA	660/363246735	0.0001816946819907411
TCTTCGAC-AGGATAGC	873/363246735	0.0002403325111786621
AGGATAGC-TCTTCGAC	615/363246735	0.00016930640821864512
ATCGTGGT-GATCAAGG	380/363246735	0.00010461208963103275
CTAGCTCA-TCGAGAGT	564/363246735	0.00015526636461026967
CTCTGGAT-CGATCGAT	913/363246735	0.00025134431008719184
TCGACAAG-CTAGCTCA	101/363246735	2.7804792244037653e-05
CTAGCTCA-ATCGTGGT	232/363246735	6.386843366947263e-05
ACGATCAG-TAGCCATG	219/363246735	6.028959902420045e-05
AGGATAGC-TCGGATTC	113/363246735	3.110833191659658e-05
TACCGGAT-CGATCGAT	920/363246735	0.0002532713748961845
AACAGCGA-CGATCGAT	158/363246735	4.3496605688692565e-05
TGTTCCGT-CTAGCTCA	388/363246735	0.0001068144494127387
CGATCGAT-GATCTTGC	62/363246735	1.706828830822113e-05
GTAGCGTA-CTAGCTCA	363/363246735	9.99320750949076e-05
AACAGCGA-ACGATCAG	231/363246735	6.359313869675939e-05
TCGACAAG-TACCGGAT	320/363246735	8.80943912682381e-05
GATCAAGG-CTAGCTCA	117/363246735	3.220951180744956e-05
TCTTCGAC-CTAGCTCA	1144/363246735	0.00031493744878395124
TACCGGAT-GTCCTAAG	992/363246735	0.0002730926129315381
GTCCTAAG-TAGCCATG	179/363246735	4.9277800115670695e-05
TACCGGAT-TCGACAAG	493/363246735	0.00013572042154762933
CTAGCTCA-AGGATAGC	244/363246735	6.717197334203155e-05
GATCTTGC-CGGTAATC	53/363246735	1.4590633553801934e-05
TATGGCAC-TCGAGAGT	471/363246735	0.00012966393214793796
AGGATAGC-TATGGCAC	198/363246735	5.450840459722233e-05
TCGAGAGT-TCTTCGAC	724/363246735	0.0001993135602443887
CACTTCAC-TATGGCAC	160/363246735	4.404719563411905e-05
GTCCTAAG-TCGGATTC	158/363246735	4.3496605688692565e-05
CTCTGGAT-AGAGTCCA	969/363246735	0.00026676082855913347
CTAGCTCA-AGAGTCCA	481/363246735	0.0001324168818750704
TAGCCATG-GATCAAGG	152/363246735	4.1844835852413096e-05
TCTTCGAC-ACGATCAG	722/363246735	0.00019876297029896222
CTAGCTCA-GTCCTAAG	281/363246735	7.735788733242158e-05
TCGGATTC-TCTTCGAC	386/363246735	0.0001062638594673122
AACAGCGA-CTCTGGAT	511/363246735	0.0001406757310564677
GTCCTAAG-TCTTCGAC	516/363246735	0.00014205220592003394
CTCTGGAT-ATCATGCG	547/363246735	0.0001505863500741445
TAGCCATG-TCTTCGAC	507/363246735	0.00013957455116561472
CGGTAATC-CTCTGGAT	246/363246735	6.772256328745805e-05
CGGTAATC-TCGAGAGT	73/363246735	2.0096533008066817e-05
ATCATGCG-CTCTGGAT	582/363246735	0.00016022167411910805
ACGATCAG-AGAGTCCA	207/363246735	5.698605935164153e-05
TACCGGAT-TATGGCAC	1813/363246735	0.0004991097855291115
TCGGATTC-TCGAGAGT	89/363246735	2.4501252571478724e-05
TATGGCAC-TCGGATTC	585/363246735	0.0001610475590372478
TCTTCGAC-ATCATGCG	617/363246735	0.00016985699816407157
AGAGTCCA-TCTTCGAC	548/363246735	0.00015086164504685777
TAGCCATG-TATGGCAC	193/363246735	5.31319297336561e-05
GTCCTAAG-GCTACTCT	114/363246735	3.1383626889309825e-05
CTAGCTCA-ACGATCAG	338/363246735	9.30497007770765e-05
GATCTTGC-TCTTCGAC	320/363246735	8.80943912682381e-05
GATCAAGG-GTAGCGTA	109/363246735	3.0007152025743603e-05
CGGTAATC-AGGATAGC	103/363246735	2.835538218946414e-05
GATCTTGC-CTCTGGAT	183/363246735	5.037898000652367e-05
TCGGATTC-CGGTAATC	62/363246735	1.706828830822113e-05
TCTTCGAC-GTAGCGTA	551/363246735	0.0001516875299649975
TACCGGAT-GCTACTCT	741/363246735	0.00020399357478051387
GATCTTGC-TACCGGAT	329/363246735	9.05720460226573e-05
TCGGATTC-CGATCGAT	130/363246735	3.5788346452721726e-05
CGATCGAT-ACGATCAG	131/363246735	3.606364142543497e-05
AACAGCGA-GATCTTGC	373/363246735	0.00010268502482204004
AACAGCGA-ATCGTGGT	182/363246735	5.010368503381042e-05
GCTACTCT-GTCCTAAG	117/363246735	3.220951180744956e-05
TAGCCATG-CACTTCAC	115/363246735	3.1658921862023066e-05
TGTTCCGT-ATCATGCG	317/363246735	8.726850635009837e-05
TCGAGAGT-TATGGCAC	184/363246735	5.0654274979236904e-05
AGGATAGC-GTCCTAAG	85/363246735	2.3400072680625745e-05
TACCGGAT-TCGGATTC	677/363246735	0.00018637469652686624
TGTTCCGT-ACGATCAG	230/363246735	6.331784372404613e-05
GTAGCGTA-CTCTGGAT	373/363246735	0.00010268502482204004
GTCCTAAG-TGTTCCGT	493/363246735	0.00013572042154762933
GTAGCGTA-GCTACTCT	953/363246735	0.00026235610899572157
ACGATCAG-TCTTCGAC	483/363246735	0.00013296747182049687
AGGATAGC-TCGACAAG	52/363246735	1.431533858108869e-05
GCTACTCT-TCGAGAGT	194/363246735	5.340722470636935e-05
CGGTAATC-TCGGATTC	64/363246735	1.761887825364762e-05
CTCTGGAT-ACGATCAG	566/363246735	0.00015581695455569612
TCGAGAGT-CGATCGAT	151/363246735	4.1569540879699855e-05
TCGAGAGT-CTCTGGAT	796/363246735	0.00021913479827974228
GTCCTAAG-AACAGCGA	223/363246735	6.139077891505344e-05
TGTTCCGT-ATCGTGGT	202/363246735	5.5609584488075305e-05
GTCCTAAG-ATCGTGGT	95/363246735	2.6153022407758187e-05
AGGATAGC-CGATCGAT	124/363246735	3.413657661644226e-05
CTCTGGAT-GATCAAGG	350/363246735	9.635324044963543e-05
GTCCTAAG-CTCTGGAT	451/363246735	0.00012415803269367307
CGGTAATC-TATGGCAC	83/363246735	2.2849482735199258e-05
TCTTCGAC-TAGCCATG	701/363246735	0.00019298177587198407
GATCAAGG-ATCGTGGT	213/363246735	5.8637829187920984e-05
TCGACAAG-GTCCTAAG	112/363246735	3.083303694388333e-05
AGGATAGC-CGGTAATC	101/363246735	2.7804792244037653e-05
TCGACAAG-CGATCGAT	47/363246735	1.293886371752247e-05
TCGAGAGT-TCGGATTC	177/363246735	4.87272101702442e-05
GCTACTCT-AGGATAGC	100/363246735	2.7529497271324406e-05
GATCTTGC-TATGGCAC	121/363246735	3.3310691698302535e-05
AGGATAGC-CTAGCTCA	190/363246735	5.230604481551637e-05
TGTTCCGT-GTAGCGTA	246/363246735	6.772256328745805e-05
AGAGTCCA-GCTACTCT	131/363246735	3.606364142543497e-05
CTAGCTCA-TGTTCCGT	401/363246735	0.00011039328405801088
ACGATCAG-TCGAGAGT	239/363246735	6.579549847846534e-05
ACGATCAG-TACCGGAT	888/363246735	0.0002444619357693607
GATCTTGC-ACGATCAG	66/363246735	1.8169468199074107e-05
TCGACAAG-AGAGTCCA	55/363246735	1.5141223499228423e-05
GTCCTAAG-TCGAGAGT	162/363246735	4.459778557954554e-05
TATGGCAC-GATCTTGC	170/363246735	4.680014536125149e-05
TGTTCCGT-TCGGATTC	533/363246735	0.00014673222045615908
ATCGTGGT-TACCGGAT	814/363246735	0.00022409010778858066
AGAGTCCA-ATCATGCG	176/363246735	4.8451915197530953e-05
ATCGTGGT-CTAGCTCA	179/363246735	4.9277800115670695e-05
ATCGTGGT-TCGAGAGT	201/363246735	5.533428951536206e-05
TACCGGAT-GATCTTGC	519/363246735	0.00014287809083817366
TCGGATTC-GTCCTAAG	66/363246735	1.8169468199074107e-05
TCTTCGAC-TATGGCAC	1250/363246735	0.00034411871589155505
TATGGCAC-AGGATAGC	273/363246735	7.515552755071563e-05
ATCATGCG-ATCGTGGT	195/363246735	5.3682519679082596e-05
CGGTAATC-CTAGCTCA	114/363246735	3.1383626889309825e-05
GCTACTCT-GATCAAGG	84/363246735	2.31247777079125e-05
ATCGTGGT-TGTTCCGT	160/363246735	4.404719563411905e-05
TCGAGAGT-GTAGCGTA	163/363246735	4.487308055225879e-05
CTAGCTCA-GATCAAGG	210/363246735	5.7811944269781256e-05
GTAGCGTA-AGAGTCCA	238/363246735	6.55202035057521e-05
TCGGATTC-GATCTTGC	156/363246735	4.294601574326608e-05
CGATCGAT-AACAGCGA	67/363246735	1.844476317178735e-05
TCGACAAG-TGTTCCGT	81/363246735	2.229889278977277e-05
ACGATCAG-CGGTAATC	96/363246735	2.6428317380471427e-05
GTAGCGTA-GATCAAGG	99/363246735	2.7254202298611165e-05
CGATCGAT-TATGGCAC	96/363246735	2.6428317380471427e-05
GTCCTAAG-GATCAAGG	174/363246735	4.7901325252104466e-05
GCTACTCT-GATCTTGC	81/363246735	2.229889278977277e-05
TAGCCATG-ATCATGCG	165/363246735	4.5423670497685275e-05
GTCCTAAG-ACGATCAG	156/363246735	4.294601574326608e-05
ATCATGCG-AGGATAGC	259/363246735	7.130139793273021e-05
TGTTCCGT-AGGATAGC	217/363246735	5.9739009078773966e-05
TAGCCATG-GATCTTGC	70/363246735	1.9270648089927085e-05
CTAGCTCA-TAGCCATG	356/363246735	9.80050102859149e-05
AGAGTCCA-TCGACAAG	55/363246735	1.5141223499228423e-05
AACAGCGA-TGTTCCGT	229/363246735	6.304254875133289e-05
CACTTCAC-AGGATAGC	99/363246735	2.7254202298611165e-05
CGATCGAT-CTAGCTCA	189/363246735	5.2030749842803126e-05
TATGGCAC-ATCATGCG	209/363246735	5.753664929706801e-05
AGAGTCCA-AGGATAGC	187/363246735	5.1480159897376645e-05
ACGATCAG-CGATCGAT	196/363246735	5.3957814651795836e-05
ATCATGCG-TCGGATTC	77/363246735	2.1197712898919792e-05
AGAGTCCA-CGGTAATC	76/363246735	2.0922417926206548e-05
ACGATCAG-CTCTGGAT	415/363246735	0.00011424741367599628
CACTTCAC-ATCATGCG	65/363246735	1.7894173226360863e-05
TATGGCAC-CTAGCTCA	346/363246735	9.525206055878244e-05
TCGACAAG-AACAGCGA	41/363246735	1.1287093881243007e-05
ATCGTGGT-ACGATCAG	144/363246735	3.9642476070707146e-05
ACGATCAG-TCGGATTC	64/363246735	1.761887825364762e-05
ATCATGCG-GCTACTCT	138/363246735	3.799070623442768e-05
TGTTCCGT-GATCTTGC	182/363246735	5.010368503381042e-05
CTCTGGAT-CGGTAATC	410/363246735	0.00011287093881243007
CTAGCTCA-GATCTTGC	152/363246735	4.1844835852413096e-05
GATCAAGG-AGAGTCCA	85/363246735	2.3400072680625745e-05
CTCTGGAT-TCGACAAG	256/363246735	7.047551301459048e-05
TCTTCGAC-TCGACAAG	398/363246735	0.00010956739913987114
TATGGCAC-ATCGTGGT	142/363246735	3.909188612528066e-05
CACTTCAC-CGGTAATC	109/363246735	3.0007152025743603e-05
GATCAAGG-CGATCGAT	80/363246735	2.2023597817059526e-05
TCGAGAGT-GTCCTAAG	148/363246735	4.074365596156012e-05
CTCTGGAT-GTAGCGTA	529/363246735	0.00014563104056530612
GTAGCGTA-ATCGTGGT	127/363246735	3.4962461534582e-05
GATCAAGG-ATCATGCG	106/363246735	2.9181267107603868e-05
AGGATAGC-ATCGTGGT	91/363246735	2.505184251690521e-05
AACAGCGA-CTAGCTCA	260/363246735	7.157669290544345e-05
ATCGTGGT-ATCATGCG	140/363246735	3.854129617985417e-05
TAGCCATG-CGATCGAT	64/363246735	1.761887825364762e-05
GTAGCGTA-AACAGCGA	142/363246735	3.909188612528066e-05
AGGATAGC-TCGAGAGT	167/363246735	4.597426044311176e-05
TATGGCAC-GTAGCGTA	152/363246735	4.1844835852413096e-05
TCTTCGAC-AACAGCGA	400/363246735	0.00011011798908529762
TCGAGAGT-TCGACAAG	131/363246735	3.606364142543497e-05
GCTACTCT-AGAGTCCA	212/363246735	5.8362534215207736e-05
TCGGATTC-ACGATCAG	78/363246735	2.147300787163304e-05
AGAGTCCA-TGTTCCGT	293/363246735	8.066142700498052e-05
ATCATGCG-GATCAAGG	219/363246735	6.028959902420045e-05
GTAGCGTA-ATCATGCG	140/363246735	3.854129617985417e-05
AGGATAGC-AGAGTCCA	196/363246735	5.3957814651795836e-05
AACAGCGA-ATCATGCG	256/363246735	7.047551301459048e-05
GCTACTCT-ACGATCAG	157/363246735	4.322131071597932e-05
TCGACAAG-CTCTGGAT	191/363246735	5.258133978822962e-05
ATCATGCG-GTAGCGTA	134/363246735	3.68895263435747e-05
TGTTCCGT-GTCCTAAG	172/363246735	4.735073530667798e-05
CGGTAATC-GATCTTGC	53/363246735	1.4590633553801934e-05
TGTTCCGT-TCGAGAGT	418/363246735	0.00011507329859413602
CTAGCTCA-AACAGCGA	254/363246735	6.9924923069164e-05
ATCATGCG-AACAGCGA	219/363246735	6.028959902420045e-05
CGGTAATC-CGATCGAT	81/363246735	2.229889278977277e-05
GTAGCGTA-ACGATCAG	456/363246735	0.0001255345075572393
CACTTCAC-GATCTTGC	41/363246735	1.1287093881243007e-05
TCGACAAG-GATCAAGG	52/363246735	1.431533858108869e-05
GTCCTAAG-TCGACAAG	92/363246735	2.5327137489618452e-05
TCGAGAGT-GATCAAGG	109/363246735	3.0007152025743603e-05
AGAGTCCA-GATCAAGG	86/363246735	2.367536765333899e-05
CGGTAATC-AACAGCGA	41/363246735	1.1287093881243007e-05
ATCGTGGT-GATCTTGC	57/363246735	1.5691813444654913e-05
TAGCCATG-TCGAGAGT	161/363246735	4.43224906068323e-05
GTAGCGTA-CGGTAATC	65/363246735	1.7894173226360863e-05
TCGACAAG-TCTTCGAC	234/363246735	6.441902361489912e-05
CTCTGGAT-AACAGCGA	453/363246735	0.00012470862263909955
AACAGCGA-TCGGATTC	201/363246735	5.533428951536206e-05
ATCGTGGT-AACAGCGA	83/363246735	2.2849482735199258e-05
ATCGTGGT-TATGGCAC	139/363246735	3.826600120714093e-05
GCTACTCT-TCTTCGAC	418/363246735	0.00011507329859413602
TCGACAAG-TAGCCATG	121/363246735	3.3310691698302535e-05
GTCCTAAG-GTAGCGTA	147/363246735	4.046836098884688e-05
GTAGCGTA-TGTTCCGT	227/363246735	6.249195880590641e-05
TGTTCCGT-AACAGCGA	439/363246735	0.00012085449302111415
TAGCCATG-CTAGCTCA	234/363246735	6.441902361489912e-05
ATCATGCG-TCGAGAGT	188/363246735	5.175545487008988e-05
TCGACAAG-TATGGCAC	61/363246735	1.6792993335507888e-05
AACAGCGA-GATCAAGG	147/363246735	4.046836098884688e-05
CACTTCAC-CTCTGGAT	300/363246735	8.258849181397322e-05
TCGAGAGT-CGGTAATC	112/363246735	3.083303694388333e-05
ATCATGCG-GTCCTAAG	292/363246735	8.038613203226727e-05
GATCTTGC-GATCAAGG	72/363246735	1.9821238035353573e-05
AGAGTCCA-TAGCCATG	149/363246735	4.101895093427337e-05
AACAGCGA-GTCCTAAG	140/363246735	3.854129617985417e-05
GTAGCGTA-TCTTCGAC	481/363246735	0.0001324168818750704
TAGCCATG-AGAGTCCA	161/363246735	4.43224906068323e-05
TCGACAAG-GATCTTGC	23/363246735	6.331784372404613e-06
CTAGCTCA-CGATCGAT	230/363246735	6.331784372404613e-05
CGATCGAT-TCGACAAG	55/363246735	1.5141223499228423e-05
CTAGCTCA-CACTTCAC	117/363246735	3.220951180744956e-05
TAGCCATG-GTAGCGTA	120/363246735	3.303539672558929e-05
ATCGTGGT-GTAGCGTA	112/363246735	3.083303694388333e-05
AACAGCGA-AGAGTCCA	223/363246735	6.139077891505344e-05
ACGATCAG-ATCGTGGT	117/363246735	3.220951180744956e-05
ACGATCAG-TCGACAAG	166/363246735	4.5698965470398516e-05
CGATCGAT-GTAGCGTA	91/363246735	2.505184251690521e-05
TAGCCATG-GTCCTAAG	200/363246735	5.505899454264881e-05
CTAGCTCA-TCGGATTC	192/363246735	5.2856634760942854e-05
CGATCGAT-AGAGTCCA	117/363246735	3.220951180744956e-05
TCGAGAGT-ACGATCAG	294/363246735	8.093672197769376e-05
TCTTCGAC-CACTTCAC	389/363246735	0.00010708974438545194
GTAGCGTA-CACTTCAC	46/363246735	1.2663568744809226e-05
GCTACTCT-CTAGCTCA	283/363246735	7.790847727784806e-05
ACGATCAG-GATCAAGG	126/363246735	3.468716656186875e-05
TAGCCATG-AACAGCGA	97/363246735	2.6703612353184674e-05
TATGGCAC-CGATCGAT	113/363246735	3.110833191659658e-05
AGGATAGC-CACTTCAC	134/363246735	3.68895263435747e-05
ATCGTGGT-AGAGTCCA	135/363246735	3.716482131628795e-05
AGAGTCCA-TCGGATTC	89/363246735	2.4501252571478724e-05
AGAGTCCA-GTCCTAAG	123/363246735	3.386128164372902e-05
AACAGCGA-AGGATAGC	229/363246735	6.304254875133289e-05
CGATCGAT-GATCAAGG	68/363246735	1.8720058144500598e-05
ATCATGCG-TCGACAAG	151/363246735	4.1569540879699855e-05
ACGATCAG-AGGATAGC	183/363246735	5.037898000652367e-05
TATGGCAC-GATCAAGG	152/363246735	4.1844835852413096e-05
ATCATGCG-TATGGCAC	428/363246735	0.00011782624832126846
CGATCGAT-AGGATAGC	166/363246735	4.5698965470398516e-05
GATCAAGG-AGGATAGC	95/363246735	2.6153022407758187e-05
GATCAAGG-GATCTTGC	87/363246735	2.3950662626052233e-05
GTCCTAAG-CGGTAATC	70/363246735	1.9270648089927085e-05
GCTACTCT-CGGTAATC	56/363246735	1.5416518471941665e-05
TCGGATTC-TGTTCCGT	103/363246735	2.835538218946414e-05
ACGATCAG-TGTTCCGT	233/363246735	6.414372864218587e-05
ATCGTGGT-GTCCTAAG	75/363246735	2.0647122953493304e-05
GATCAAGG-AACAGCGA	74/363246735	2.037182798078006e-05
TCGGATTC-CTCTGGAT	275/363246735	7.570611749614211e-05
ATCGTGGT-CGGTAATC	77/363246735	2.1197712898919792e-05
GCTACTCT-TATGGCAC	125/363246735	3.441187158915551e-05
GTAGCGTA-TCGACAAG	44/363246735	1.2112978799382738e-05
AACAGCGA-GCTACTCT	98/363246735	2.6978907325897918e-05
ATCATGCG-GATCTTGC	110/363246735	3.0282446998456847e-05
CTCTGGAT-CACTTCAC	297/363246735	8.17626068958335e-05
CACTTCAC-AACAGCGA	45/363246735	1.2388273772095982e-05
ATCATGCG-CGGTAATC	79/363246735	2.1748302844346283e-05
GATCAAGG-TATGGCAC	95/363246735	2.6153022407758187e-05
TATGGCAC-TCGACAAG	107/363246735	2.9456562080317115e-05
ATCGTGGT-TCGACAAG	53/363246735	1.4590633553801934e-05
TCGGATTC-AGGATAGC	107/363246735	2.9456562080317115e-05
TAGCCATG-ATCGTGGT	83/363246735	2.2849482735199258e-05
TCGACAAG-GCTACTCT	44/363246735	1.2112978799382738e-05
GTCCTAAG-GATCTTGC	95/363246735	2.6153022407758187e-05
TATGGCAC-ACGATCAG	230/363246735	6.331784372404613e-05
AACAGCGA-TAGCCATG	146/363246735	4.019306601613363e-05
GCTACTCT-TAGCCATG	107/363246735	2.9456562080317115e-05
GCTACTCT-CGATCGAT	89/363246735	2.4501252571478724e-05
CGGTAATC-TGTTCCGT	96/363246735	2.6428317380471427e-05
TGTTCCGT-TCGACAAG	111/363246735	3.055774197117009e-05
CTCTGGAT-GATCTTGC	285/363246735	7.845906722327456e-05
GTAGCGTA-GTCCTAAG	169/363246735	4.652485038853825e-05
GTAGCGTA-TATGGCAC	148/363246735	4.074365596156012e-05
ATCGTGGT-CGATCGAT	101/363246735	2.7804792244037653e-05
CGATCGAT-TAGCCATG	117/363246735	3.220951180744956e-05
GCTACTCT-ATCATGCG	113/363246735	3.110833191659658e-05
CGATCGAT-CGGTAATC	98/363246735	2.6978907325897918e-05
AACAGCGA-GTAGCGTA	204/363246735	5.6160174433501786e-05
TGTTCCGT-GATCAAGG	147/363246735	4.046836098884688e-05
ACGATCAG-GCTACTCT	136/363246735	3.7440116289001195e-05
GATCAAGG-TCGACAAG	57/363246735	1.5691813444654913e-05
GATCTTGC-ATCATGCG	95/363246735	2.6153022407758187e-05
TCGACAAG-ACGATCAG	117/363246735	3.220951180744956e-05
CGGTAATC-CACTTCAC	70/363246735	1.9270648089927085e-05
GATCTTGC-TGTTCCGT	78/363246735	2.147300787163304e-05
GTCCTAAG-ATCATGCG	169/363246735	4.652485038853825e-05
TCGGATTC-ATCGTGGT	47/363246735	1.293886371752247e-05
GTCCTAAG-AGAGTCCA	135/363246735	3.716482131628795e-05
TCGGATTC-TAGCCATG	54/363246735	1.486592852651518e-05
TATGGCAC-CACTTCAC	203/363246735	5.588487946078855e-05
TCGAGAGT-GCTACTCT	276/363246735	7.598141246885537e-05
GATCTTGC-GCTACTCT	61/363246735	1.6792993335507888e-05
TCGGATTC-CTAGCTCA	139/363246735	3.826600120714093e-05
GTCCTAAG-CGATCGAT	125/363246735	3.441187158915551e-05
CACTTCAC-CGATCGAT	84/363246735	2.31247777079125e-05
CGATCGAT-TCGAGAGT	137/363246735	3.771541126171444e-05
GATCAAGG-TCGAGAGT	108/363246735	2.973185705303036e-05
AGAGTCCA-ACGATCAG	268/363246735	7.37790526871494e-05
CACTTCAC-TGTTCCGT	120/363246735	3.303539672558929e-05
AGAGTCCA-CACTTCAC	63/363246735	1.7343583280934375e-05
ACGATCAG-GTAGCGTA	129/363246735	3.5513051480008485e-05
GATCTTGC-AGGATAGC	197/363246735	5.423310962450908e-05
CGATCGAT-ATCGTGGT	75/363246735	2.0647122953493304e-05
TCGAGAGT-GATCTTGC	78/363246735	2.147300787163304e-05
GATCTTGC-CGATCGAT	112/363246735	3.083303694388333e-05
GATCTTGC-TAGCCATG	56/363246735	1.5416518471941665e-05
AACAGCGA-TATGGCAC	207/363246735	5.698605935164153e-05
ATCATGCG-CGATCGAT	107/363246735	2.9456562080317115e-05
TAGCCATG-GCTACTCT	62/363246735	1.706828830822113e-05
TAGCCATG-AGGATAGC	134/363246735	3.68895263435747e-05
GATCTTGC-TCGAGAGT	68/363246735	1.8720058144500598e-05
GCTACTCT-ATCGTGGT	85/363246735	2.3400072680625745e-05
CGGTAATC-GATCAAGG	61/363246735	1.6792993335507888e-05
CGGTAATC-ACGATCAG	50/363246735	1.3764748635662203e-05
ATCGTGGT-TAGCCATG	96/363246735	2.6428317380471427e-05
CGGTAATC-AGAGTCCA	48/363246735	1.3214158690235714e-05
CGATCGAT-GTCCTAAG	91/363246735	2.505184251690521e-05
GTAGCGTA-AGGATAGC	133/363246735	3.661423137086146e-05
TCGAGAGT-ATCATGCG	154/363246735	4.2395425797839583e-05
TCGACAAG-GTAGCGTA	47/363246735	1.293886371752247e-05
GATCTTGC-GTCCTAAG	79/363246735	2.1748302844346283e-05
TATGGCAC-CGGTAATC	143/363246735	3.9367181097993905e-05
CGATCGAT-GCTACTCT	92/363246735	2.5327137489618452e-05
ACGATCAG-CACTTCAC	77/363246735	2.1197712898919792e-05
ATCATGCG-CACTTCAC	79/363246735	2.1748302844346283e-05
GCTACTCT-AACAGCGA	103/363246735	2.835538218946414e-05
GATCTTGC-AGAGTCCA	82/363246735	2.2574187762486014e-05
GATCTTGC-TCGACAAG	19/363246735	5.230604481551637e-06
AGAGTCCA-GATCTTGC	71/363246735	1.954594306264033e-05
GTAGCGTA-TCGGATTC	65/363246735	1.7894173226360863e-05
ATCGTGGT-TCGGATTC	64/363246735	1.761887825364762e-05
CGATCGAT-TCGGATTC	63/363246735	1.7343583280934375e-05
TCGAGAGT-CACTTCAC	49/363246735	1.3489453662948959e-05
TCGGATTC-TATGGCAC	159/363246735	4.377190066140581e-05
GCTACTCT-TCGGATTC	62/363246735	1.706828830822113e-05
CACTTCAC-GATCAAGG	48/363246735	1.3214158690235714e-05
CACTTCAC-TCGGATTC	75/363246735	2.0647122953493304e-05
TGTTCCGT-CGGTAATC	104/363246735	2.863067716217738e-05
GTCCTAAG-CACTTCAC	47/363246735	1.293886371752247e-05
GTCCTAAG-AGGATAGC	120/363246735	3.303539672558929e-05
CACTTCAC-TCGAGAGT	62/363246735	1.706828830822113e-05
ATCGTGGT-GCTACTCT	89/363246735	2.4501252571478724e-05
CGATCGAT-CACTTCAC	56/363246735	1.5416518471941665e-05
GATCTTGC-GTAGCGTA	76/363246735	2.0922417926206548e-05
ACGATCAG-GATCTTGC	66/363246735	1.8169468199074107e-05
GATCTTGC-CACTTCAC	45/363246735	1.2388273772095982e-05
GCTACTCT-TCGACAAG	33/363246735	9.084734099537053e-06
TAGCCATG-TCGGATTC	76/363246735	2.0922417926206548e-05
GATCTTGC-TCGGATTC	36/363246735	9.910619017676786e-06
TCGGATTC-GTAGCGTA	43/363246735	1.1837683826669495e-05
CGGTAATC-ATCATGCG	56/363246735	1.5416518471941665e-05
CACTTCAC-GTAGCGTA	57/363246735	1.5691813444654913e-05
CACTTCAC-ATCGTGGT	48/363246735	1.3214158690235714e-05
AGGATAGC-GATCAAGG	69/363246735	1.899535311721384e-05
CGGTAATC-GCTACTCT	37/363246735	1.018591399039003e-05
CACTTCAC-GTCCTAAG	46/363246735	1.2663568744809226e-05
TCGGATTC-CACTTCAC	45/363246735	1.2388273772095982e-05
TCGGATTC-AGAGTCCA	76/363246735	2.0922417926206548e-05
CGGTAATC-TCGACAAG	26/363246735	7.157669290544345e-06
AACAGCGA-TCGACAAG	61/363246735	1.6792993335507888e-05
GATCAAGG-CACTTCAC	24/363246735	6.607079345117857e-06
TCGACAAG-ATCGTGGT	44/363246735	1.2112978799382738e-05
GATCAAGG-CGGTAATC	46/363246735	1.2663568744809226e-05
CACTTCAC-TCGACAAG	27/363246735	7.43296426325759e-06
TCGACAAG-CGGTAATC	22/363246735	6.056489399691369e-06
GATCAAGG-TCGGATTC	37/363246735	1.018591399039003e-05
TCGGATTC-ATCATGCG	65/363246735	1.7894173226360863e-05
CGGTAATC-GTAGCGTA	59/363246735	1.62424033900814e-05
TCGACAAG-AGGATAGC	75/363246735	2.0647122953493304e-05
GATCTTGC-ATCGTGGT	33/363246735	9.084734099537053e-06
GCTACTCT-CACTTCAC	37/363246735	1.018591399039003e-05
TCGACAAG-CACTTCAC	14/363246735	3.854129617985416e-06
	Command being timed: "./Demux.py -R1 /projects/bgmp/shared/2017_sequencing/1294_S1_L008_R1_001.fastq.gz -R2 /projects/bgmp/shared/2017_sequencing/1294_S1_L008_R2_001.fastq.gz -R3 /projects/bgmp/shared/2017_sequencing/1294_S1_L008_R3_001.fastq.gz -R4 /projects/bgmp/shared/2017_sequencing/1294_S1_L008_R4_001.fastq.gz -KI /projects/bgmp/shared/2017_sequencing/indexes.txt"
	User time (seconds): 4156.54
	System time (seconds): 114.24
	Percent of CPU this job got: 94%
	Elapsed (wall clock) time (h:mm:ss or m:ss): 1:15:23
	Average shared text size (kbytes): 0
	Average unshared data size (kbytes): 0
	Average stack size (kbytes): 0
	Average total size (kbytes): 0
	Maximum resident set size (kbytes): 310252
	Average resident set size (kbytes): 0
	Major (requiring I/O) page faults: 0
	Minor (reclaiming a frame) page faults: 2675005
	Voluntary context switches: 49894
	Involuntary context switches: 3795
	Swaps: 0
	File system inputs: 0
	File system outputs: 0
	Socket messages sent: 0
	Socket messages received: 0
	Signals delivered: 0
	Page size (bytes): 4096
	Exit status: 0
